<?xml version="1.0" encoding="UTF-8"?>
<!-- Generated by org.testng.reporters.JUnitReportReporter -->
<testsuite hostname="LAPTOP-57CST924" failures="0" tests="3" name="com.us.parallelTesting.UnitTesting" time="33.516" errors="0" timestamp="2022-09-05T00:57:58 EDT" skipped="0">
  <testcase classname="com.us.parallelTesting.UnitTesting" name="getTest3" time="11.467"/>
  <system-out/>
  <testcase classname="com.us.parallelTesting.UnitTesting" name="getTest2" time="10.838"/>
  <system-out/>
  <testcase classname="com.us.parallelTesting.UnitTesting" name="getTest1" time="11.211"/>
  <system-out/>
</testsuite> <!-- com.us.parallelTesting.UnitTesting -->
