<?xml version="1.0" encoding="UTF-8"?>
<!-- Generated by org.testng.reporters.JUnitReportReporter -->
<testsuite hostname="LAPTOP-57CST924" failures="0" tests="1" name="com.usa.testNGTest.TestNGInvocationCount" time="0.004" errors="0" timestamp="2022-08-29T01:13:41 EDT" skipped="0">
  <testcase classname="com.usa.testNGTest.TestNGInvocationCount" name="getCount" time="0.004"/>
  <system-out/>
</testsuite> <!-- com.usa.testNGTest.TestNGInvocationCount -->
