<?xml version="1.0" encoding="UTF-8"?>
<!-- Generated by org.testng.reporters.JUnitReportReporter -->
<testsuite hostname="LAPTOP-57CST924" failures="0" tests="3" name="com.us.parallelTesting.ClassB" time="0.004" errors="0" timestamp="2022-09-04T21:39:53 EDT" skipped="0">
  <testcase classname="com.us.parallelTesting.ClassB" name="getTest4" time="0.001"/>
  <system-out/>
  <testcase classname="com.us.parallelTesting.ClassB" name="getTest6" time="0.001"/>
  <system-out/>
  <testcase classname="com.us.parallelTesting.ClassB" name="getTest5" time="0.002"/>
  <system-out/>
</testsuite> <!-- com.us.parallelTesting.ClassB -->
