<?xml version="1.0" encoding="UTF-8"?>
<!-- Generated by org.testng.reporters.JUnitReportReporter -->
<testsuite hostname="LAPTOP-57CST924" failures="0" tests="3" name="com.us.parallelTesting.ParallelTesting" time="14.184" errors="0" timestamp="2022-09-04T23:11:55 EDT" skipped="0">
  <testcase classname="com.us.parallelTesting.ParallelTesting" name="getBrowser2" time="4.621"/>
  <system-out/>
  <testcase classname="com.us.parallelTesting.ParallelTesting" name="getBrowser3" time="4.875"/>
  <system-out/>
  <testcase classname="com.us.parallelTesting.ParallelTesting" name="getBrowser1" time="4.688"/>
  <system-out/>
</testsuite> <!-- com.us.parallelTesting.ParallelTesting -->
