<?xml version="1.0" encoding="UTF-8"?>
<!-- Generated by org.testng.reporters.JUnitReportReporter -->
<testsuite hostname="LAPTOP-57CST924" failures="0" tests="3" name="com.us.parallelTesting.ClassC" time="0.010" errors="0" timestamp="2022-09-04T21:39:53 EDT" skipped="0">
  <testcase classname="com.us.parallelTesting.ClassC" name="getTest9" time="0.001"/>
  <system-out/>
  <testcase classname="com.us.parallelTesting.ClassC" name="getTest8" time="0.003"/>
  <system-out/>
  <testcase classname="com.us.parallelTesting.ClassC" name="getTest7" time="0.006"/>
  <system-out/>
</testsuite> <!-- com.us.parallelTesting.ClassC -->
