<?xml version="1.0" encoding="UTF-8"?>
<!-- Generated by org.testng.reporters.JUnitReportReporter -->
<testsuite hostname="LAPTOP-57CST924" failures="0" tests="1" name="com.usa.testNGTest.BasicAnutation$TestNG" time="0.004" errors="0" timestamp="2022-08-28T19:43:14 EDT" skipped="0">
  <testcase classname="com.usa.testNGTest.BasicAnutation$TestNG" name="testCase1" time="0.004"/>
  <system-out/>
</testsuite> <!-- com.usa.testNGTest.BasicAnutation$TestNG -->
