<?xml version="1.0" encoding="UTF-8"?>
<!-- Generated by org.testng.reporters.JUnitReportReporter -->
<testsuite hostname="LAPTOP-57CST924" failures="0" tests="1" name="com.usa.failedTestRun.ClassC" time="0.001" errors="0" timestamp="2022-09-04T15:07:36 EDT" skipped="0">
  <testcase classname="com.usa.failedTestRun.ClassC" name="getTest8" time="0.001"/>
  <system-out/>
</testsuite> <!-- com.usa.failedTestRun.ClassC -->
