<?xml version="1.0" encoding="UTF-8"?>
<!-- Generated by org.testng.reporters.JUnitReportReporter -->
<testsuite hostname="LAPTOP-57CST924" failures="0" tests="3" name="com.us.parallelTesting.ClassA" time="0.017" errors="0" timestamp="2022-09-04T21:39:53 EDT" skipped="0">
  <testcase classname="com.us.parallelTesting.ClassA" name="getTest3" time="0.006"/>
  <system-out/>
  <testcase classname="com.us.parallelTesting.ClassA" name="getTest2" time="0.006"/>
  <system-out/>
  <testcase classname="com.us.parallelTesting.ClassA" name="getTest1" time="0.005"/>
  <system-out/>
</testsuite> <!-- com.us.parallelTesting.ClassA -->
