<?xml version="1.0" encoding="UTF-8"?>
<!-- Generated by org.testng.reporters.JUnitReportReporter -->
<testsuite hostname="LAPTOP-57CST924" failures="0" tests="3" name="com.usa.crossBrowserTesting.CrossBrowserTesting" time="16.759" errors="0" timestamp="2022-09-05T13:48:56 EDT" skipped="0">
  <testcase classname="com.usa.crossBrowserTesting.CrossBrowserTesting" name="testxml" time="5.722"/>
  <system-out/>
  <testcase classname="com.usa.crossBrowserTesting.CrossBrowserTesting" name="testxml" time="6.424"/>
  <system-out/>
  <testcase classname="com.usa.crossBrowserTesting.CrossBrowserTesting" name="testxml" time="4.613"/>
  <system-out/>
</testsuite> <!-- com.usa.crossBrowserTesting.CrossBrowserTesting -->
