<?xml version="1.0" encoding="UTF-8"?>
<!-- Generated by org.testng.reporters.JUnitReportReporter -->
<testsuite hostname="LAPTOP-57CST924" failures="0" tests="3" name="com.usa.testNGTest.DependsOnMethodTesting" time="0.005" errors="0" timestamp="2022-08-29T01:13:03 EDT" skipped="0">
  <testcase classname="com.usa.testNGTest.DependsOnMethodTesting" name="getEmployees" time="0.004"/>
  <system-out/>
  <testcase classname="com.usa.testNGTest.DependsOnMethodTesting" name="getSalary" time="0.001"/>
  <system-out/>
  <testcase classname="com.usa.testNGTest.DependsOnMethodTesting" name="getBonus" time="0.000"/>
  <system-out/>
</testsuite> <!-- com.usa.testNGTest.DependsOnMethodTesting -->
